Arguments: 
  /usr/local/bin/node /Users/martinegan/.yarn/bin/yarn.js add jest --dev

PATH: 
  /Users/martinegan/.sonar-scanner/:/Users/martinegan/.yarn/bin:/Users/martinegan/.config/yarn/global/node_modules/.bin:/Users/martinegan/bin:/usr/local/bin:/usr/local/bin:/usr/bin:/bin:/usr/sbin:/sbin:/Users/martinegan/.sonar-scanner/:/Users/martinegan/.yarn/bin:/Users/martinegan/.config/yarn/global/node_modules/.bin:/Users/martinegan/bin

Yarn version: 
  1.7.0

Node version: 
  8.11.1

Platform: 
  darwin x64

Trace: 
  Error: https://registry.yarnpkg.com/@vfuk%2fimage-snapshots: Not found
      at Request.params.callback [as _callback] (/Users/martinegan/.yarn/lib/cli.js:65656:18)
      at Request.self.callback (/Users/martinegan/.yarn/lib/cli.js:134675:22)
      at emitTwo (events.js:126:13)
      at Request.emit (events.js:214:7)
      at Request.<anonymous> (/Users/martinegan/.yarn/lib/cli.js:135658:10)
      at emitOne (events.js:116:13)
      at Request.emit (events.js:211:7)
      at IncomingMessage.<anonymous> (/Users/martinegan/.yarn/lib/cli.js:135578:12)
      at Object.onceWrapper (events.js:313:30)
      at emitNone (events.js:111:20)

npm manifest: 
  {
    "name": "@vfuk/codecept-cli",
    "version": "0.0.1",
    "main": "bin/index.js",
    "license": "MIT",
    "scripts": {
      "test": "jest",
      "build": "tsc -p tsconfig.json",
      "prepublish": "yarn run build"
    },
    "bin": {
      "codecept-cli": "./bin/index.js"
    },
    "engines": {
      "node": ">= 8"
    },
    "dependencies": {
      "@vfuk/image-snapshots": "^0.0.1",
      "codeceptjs": "1.3.1",
      "commander": "2.16.0",
      "shelljs": "0.8.2"
    },
    "peerDependencies": {
      "codeceptjs": ">=1.3.1"
    },
    "devDependencies": {
      "@types/node": "10.5.2",
      "@types/puppeteer": "1.5.0",
      "@types/shelljs": "0.8.0",
      "typescript": "2.9.2"
    }
  }

yarn manifest: 
  No manifest

Lockfile: 
  # THIS IS AN AUTOGENERATED FILE. DO NOT EDIT THIS FILE DIRECTLY.
  # yarn lockfile v1
  
  
  "@types/events@*":
    version "1.2.0"
    resolved "https://registry.yarnpkg.com/@types/events/-/events-1.2.0.tgz#81a6731ce4df43619e5c8c945383b3e62a89ea86"
  
  "@types/glob@*":
    version "5.0.35"
    resolved "https://registry.yarnpkg.com/@types/glob/-/glob-5.0.35.tgz#1ae151c802cece940443b5ac246925c85189f32a"
    dependencies:
      "@types/events" "*"
      "@types/minimatch" "*"
      "@types/node" "*"
  
  "@types/minimatch@*":
    version "3.0.3"
    resolved "https://registry.yarnpkg.com/@types/minimatch/-/minimatch-3.0.3.tgz#3dca0e3f33b200fc7d1139c0cd96c1268cadfd9d"
  
  "@types/node@*", "@types/node@10.5.2":
    version "10.5.2"
    resolved "https://registry.yarnpkg.com/@types/node/-/node-10.5.2.tgz#f19f05314d5421fe37e74153254201a7bf00a707"
  
  "@types/puppeteer@1.5.0":
    version "1.5.0"
    resolved "https://registry.yarnpkg.com/@types/puppeteer/-/puppeteer-1.5.0.tgz#95b6feff9522d3a054ed09b49798e7232f24d558"
    dependencies:
      "@types/events" "*"
      "@types/node" "*"
  
  "@types/shelljs@0.8.0":
    version "0.8.0"
    resolved "https://registry.yarnpkg.com/@types/shelljs/-/shelljs-0.8.0.tgz#0caa56b68baae4f68f44e0dd666ab30b098e3632"
    dependencies:
      "@types/glob" "*"
      "@types/node" "*"
  
  ansi-escapes@^1.1.0:
    version "1.4.0"
    resolved "https://registry.yarnpkg.com/ansi-escapes/-/ansi-escapes-1.4.0.tgz#d3a8a83b319aa67793662b13e761c7911422306e"
  
  ansi-regex@^2.0.0:
    version "2.1.1"
    resolved "https://registry.yarnpkg.com/ansi-regex/-/ansi-regex-2.1.1.tgz#c3b33ab5ee360d86e0e628f0468ae7ef27d654df"
  
  ansi-styles@^2.2.1:
    version "2.2.1"
    resolved "https://registry.yarnpkg.com/ansi-styles/-/ansi-styles-2.2.1.tgz#b432dd3358b634cf75e1e4664368240533c1ddbe"
  
  arrify@1.0.1:
    version "1.0.1"
    resolved "https://registry.yarnpkg.com/arrify/-/arrify-1.0.1.tgz#898508da2226f380df904728456849c1501a4b0d"
  
  babylon@7.0.0-beta.47:
    version "7.0.0-beta.47"
    resolved "https://registry.yarnpkg.com/babylon/-/babylon-7.0.0-beta.47.tgz#6d1fa44f0abec41ab7c780481e62fd9aafbdea80"
  
  balanced-match@^1.0.0:
    version "1.0.0"
    resolved "https://registry.yarnpkg.com/balanced-match/-/balanced-match-1.0.0.tgz#89b4d199ab2bee49de164ea02b89ce462d71b767"
  
  becke-ch--regex--s0-0-v1--base--pl--lib@^1.2.0:
    version "1.4.0"
    resolved "https://registry.yarnpkg.com/becke-ch--regex--s0-0-v1--base--pl--lib/-/becke-ch--regex--s0-0-v1--base--pl--lib-1.4.0.tgz#429ceebbfa5f7e936e78d73fbdc7da7162b20e20"
  
  bo-selector@0.0.10:
    version "0.0.10"
    resolved "https://registry.yarnpkg.com/bo-selector/-/bo-selector-0.0.10.tgz#9816dcb00adf374ea87941a863b2acfc026afa3e"
  
  brace-expansion@^1.1.7:
    version "1.1.11"
    resolved "https://registry.yarnpkg.com/brace-expansion/-/brace-expansion-1.1.11.tgz#3c7fcbf529d87226f3d2f52b966ff5271eb441dd"
    dependencies:
      balanced-match "^1.0.0"
      concat-map "0.0.1"
  
  browser-stdout@1.3.0:
    version "1.3.0"
    resolved "https://registry.yarnpkg.com/browser-stdout/-/browser-stdout-1.3.0.tgz#f351d32969d32fa5d7a5567154263d928ae3bd1f"
  
  chalk@^1.0.0, chalk@^1.1.3:
    version "1.1.3"
    resolved "https://registry.yarnpkg.com/chalk/-/chalk-1.1.3.tgz#a8115c55e4a702fe4d150abd3872822a7e09fc98"
    dependencies:
      ansi-styles "^2.2.1"
      escape-string-regexp "^1.0.2"
      has-ansi "^2.0.0"
      strip-ansi "^3.0.0"
      supports-color "^2.0.0"
  
  cli-cursor@^1.0.1:
    version "1.0.2"
    resolved "https://registry.yarnpkg.com/cli-cursor/-/cli-cursor-1.0.2.tgz#64da3f7d56a54412e59794bd62dc35295e8f2987"
    dependencies:
      restore-cursor "^1.0.1"
  
  cli-width@^1.0.1:
    version "1.1.1"
    resolved "https://registry.yarnpkg.com/cli-width/-/cli-width-1.1.1.tgz#a4d293ef67ebb7b88d4a4d42c0ccf00c4d1e366d"
  
  code-point-at@^1.0.0:
    version "1.1.0"
    resolved "https://registry.yarnpkg.com/code-point-at/-/code-point-at-1.1.0.tgz#0d070b4d043a5bea33a2f1a40e2edb3d9a4ccf77"
  
  codeceptjs@1.3.1:
    version "1.3.1"
    resolved "https://registry.yarnpkg.com/codeceptjs/-/codeceptjs-1.3.1.tgz#b745594f6f701bdf671e04c35a79014366457a53"
    dependencies:
      chalk "^1.1.3"
      commander "^2.14.1"
      css-to-xpath "^0.1.0"
      cucumber-expressions "^6.0.0"
      escape-string-regexp "^1.0.3"
      fn-args "^3.0.0"
      gherkin "^5.1.0"
      glob "^6.0.1"
      inquirer "^0.11.0"
      mkdirp "^0.5.1"
      mocha "^4.1.0"
      parse-function "^5.2.7"
      promise-retry "^1.1.1"
      requireg "^0.1.5"
      sprintf-js "^1.1.1"
  
  commander@2.11.0:
    version "2.11.0"
    resolved "https://registry.yarnpkg.com/commander/-/commander-2.11.0.tgz#157152fd1e7a6c8d98a5b715cf376df928004563"
  
  commander@2.16.0, commander@^2.14.1:
    version "2.16.0"
    resolved "https://registry.yarnpkg.com/commander/-/commander-2.16.0.tgz#f16390593996ceb4f3eeb020b31d78528f7f8a50"
  
  concat-map@0.0.1:
    version "0.0.1"
    resolved "https://registry.yarnpkg.com/concat-map/-/concat-map-0.0.1.tgz#d8a96bd77fd68df7793a73036a3ba0d5405d477b"
  
  css-to-xpath@^0.1.0:
    version "0.1.0"
    resolved "https://registry.yarnpkg.com/css-to-xpath/-/css-to-xpath-0.1.0.tgz#ac0d1c26cef023f7bd8cf2e1fc1f77134bc70c47"
    dependencies:
      bo-selector "0.0.10"
      xpath-builder "0.0.7"
  
  cucumber-expressions@^6.0.0:
    version "6.0.1"
    resolved "https://registry.yarnpkg.com/cucumber-expressions/-/cucumber-expressions-6.0.1.tgz#47c9c573781c2ff721d7ad5b2cd1c97f4399ab8e"
    dependencies:
      becke-ch--regex--s0-0-v1--base--pl--lib "^1.2.0"
  
  debug@3.1.0:
    version "3.1.0"
    resolved "https://registry.yarnpkg.com/debug/-/debug-3.1.0.tgz#5bb5a0672628b64149566ba16819e61518c67261"
    dependencies:
      ms "2.0.0"
  
  deep-extend@^0.6.0:
    version "0.6.0"
    resolved "https://registry.yarnpkg.com/deep-extend/-/deep-extend-0.6.0.tgz#c4fa7c95404a17a9c3e8ca7e1537312b736330ac"
  
  define-property@2.0.2:
    version "2.0.2"
    resolved "https://registry.yarnpkg.com/define-property/-/define-property-2.0.2.tgz#d459689e8d654ba77e02a817f8710d702cb16e9d"
    dependencies:
      is-descriptor "^1.0.2"
      isobject "^3.0.1"
  
  diff@3.3.1:
    version "3.3.1"
    resolved "https://registry.yarnpkg.com/diff/-/diff-3.3.1.tgz#aa8567a6eed03c531fc89d3f711cd0e5259dec75"
  
  err-code@^1.0.0:
    version "1.1.2"
    resolved "https://registry.yarnpkg.com/err-code/-/err-code-1.1.2.tgz#06e0116d3028f6aef4806849eb0ea6a748ae6960"
  
  escape-string-regexp@1.0.5, escape-string-regexp@^1.0.2, escape-string-regexp@^1.0.3, escape-string-regexp@^1.0.5:
    version "1.0.5"
    resolved "https://registry.yarnpkg.com/escape-string-regexp/-/escape-string-regexp-1.0.5.tgz#1b61c0562190a8dff6ae3bb2cf0200ca130b86d4"
  
  exit-hook@^1.0.0:
    version "1.1.1"
    resolved "https://registry.yarnpkg.com/exit-hook/-/exit-hook-1.1.1.tgz#f05ca233b48c05d54fff07765df8507e95c02ff8"
  
  figures@^1.3.5:
    version "1.7.0"
    resolved "https://registry.yarnpkg.com/figures/-/figures-1.7.0.tgz#cbe1e3affcf1cd44b80cadfed28dc793a9701d2e"
    dependencies:
      escape-string-regexp "^1.0.5"
      object-assign "^4.1.0"
  
  fn-args@^3.0.0:
    version "3.0.0"
    resolved "https://registry.yarnpkg.com/fn-args/-/fn-args-3.0.0.tgz#df5c3805ed41ec3b38a72aabe390cf9493ec084c"
  
  fs.realpath@^1.0.0:
    version "1.0.0"
    resolved "https://registry.yarnpkg.com/fs.realpath/-/fs.realpath-1.0.0.tgz#1504ad2523158caa40db4a2787cb01411994ea4f"
  
  gherkin@^5.1.0:
    version "5.1.0"
    resolved "https://registry.yarnpkg.com/gherkin/-/gherkin-5.1.0.tgz#684bbb03add24eaf7bdf544f58033eb28fb3c6d5"
  
  glob@7.1.2, glob@^7.0.0:
    version "7.1.2"
    resolved "https://registry.yarnpkg.com/glob/-/glob-7.1.2.tgz#c19c9df9a028702d678612384a6552404c636d15"
    dependencies:
      fs.realpath "^1.0.0"
      inflight "^1.0.4"
      inherits "2"
      minimatch "^3.0.4"
      once "^1.3.0"
      path-is-absolute "^1.0.0"
  
  glob@^6.0.1:
    version "6.0.4"
    resolved "https://registry.yarnpkg.com/glob/-/glob-6.0.4.tgz#0f08860f6a155127b2fadd4f9ce24b1aab6e4d22"
    dependencies:
      inflight "^1.0.4"
      inherits "2"
      minimatch "2 || 3"
      once "^1.3.0"
      path-is-absolute "^1.0.0"
  
  growl@1.10.3:
    version "1.10.3"
    resolved "https://registry.yarnpkg.com/growl/-/growl-1.10.3.tgz#1926ba90cf3edfe2adb4927f5880bc22c66c790f"
  
  has-ansi@^2.0.0:
    version "2.0.0"
    resolved "https://registry.yarnpkg.com/has-ansi/-/has-ansi-2.0.0.tgz#34f5049ce1ecdf2b0649af3ef24e45ed35416d91"
    dependencies:
      ansi-regex "^2.0.0"
  
  has-flag@^2.0.0:
    version "2.0.0"
    resolved "https://registry.yarnpkg.com/has-flag/-/has-flag-2.0.0.tgz#e8207af1cc7b30d446cc70b734b5e8be18f88d51"
  
  he@1.1.1:
    version "1.1.1"
    resolved "https://registry.yarnpkg.com/he/-/he-1.1.1.tgz#93410fd21b009735151f8868c2f271f3427e23fd"
  
  inflight@^1.0.4:
    version "1.0.6"
    resolved "https://registry.yarnpkg.com/inflight/-/inflight-1.0.6.tgz#49bd6331d7d02d0c09bc910a1075ba8165b56df9"
    dependencies:
      once "^1.3.0"
      wrappy "1"
  
  inherits@2:
    version "2.0.3"
    resolved "https://registry.yarnpkg.com/inherits/-/inherits-2.0.3.tgz#633c2c83e3da42a502f52466022480f4208261de"
  
  ini@~1.3.0:
    version "1.3.5"
    resolved "https://registry.yarnpkg.com/ini/-/ini-1.3.5.tgz#eee25f56db1c9ec6085e0c22778083f596abf927"
  
  inquirer@^0.11.0:
    version "0.11.4"
    resolved "https://registry.yarnpkg.com/inquirer/-/inquirer-0.11.4.tgz#81e3374e8361beaff2d97016206d359d0b32fa4d"
    dependencies:
      ansi-escapes "^1.1.0"
      ansi-regex "^2.0.0"
      chalk "^1.0.0"
      cli-cursor "^1.0.1"
      cli-width "^1.0.1"
      figures "^1.3.5"
      lodash "^3.3.1"
      readline2 "^1.0.1"
      run-async "^0.1.0"
      rx-lite "^3.1.2"
      string-width "^1.0.1"
      strip-ansi "^3.0.0"
      through "^2.3.6"
  
  interpret@^1.0.0:
    version "1.1.0"
    resolved "https://registry.yarnpkg.com/interpret/-/interpret-1.1.0.tgz#7ed1b1410c6a0e0f78cf95d3b8440c63f78b8614"
  
  is-accessor-descriptor@^1.0.0:
    version "1.0.0"
    resolved "https://registry.yarnpkg.com/is-accessor-descriptor/-/is-accessor-descriptor-1.0.0.tgz#169c2f6d3df1f992618072365c9b0ea1f6878656"
    dependencies:
      kind-of "^6.0.0"
  
  is-data-descriptor@^1.0.0:
    version "1.0.0"
    resolved "https://registry.yarnpkg.com/is-data-descriptor/-/is-data-descriptor-1.0.0.tgz#d84876321d0e7add03990406abbbbd36ba9268c7"
    dependencies:
      kind-of "^6.0.0"
  
  is-descriptor@^1.0.2:
    version "1.0.2"
    resolved "https://registry.yarnpkg.com/is-descriptor/-/is-descriptor-1.0.2.tgz#3b159746a66604b04f8c81524ba365c5f14d86ec"
    dependencies:
      is-accessor-descriptor "^1.0.0"
      is-data-descriptor "^1.0.0"
      kind-of "^6.0.2"
  
  is-fullwidth-code-point@^1.0.0:
    version "1.0.0"
    resolved "https://registry.yarnpkg.com/is-fullwidth-code-point/-/is-fullwidth-code-point-1.0.0.tgz#ef9e31386f031a7f0d643af82fde50c457ef00cb"
    dependencies:
      number-is-nan "^1.0.0"
  
  isobject@^3.0.1:
    version "3.0.1"
    resolved "https://registry.yarnpkg.com/isobject/-/isobject-3.0.1.tgz#4e431e92b11a9731636aa1f9c8d1ccbcfdab78df"
  
  kind-of@^6.0.0, kind-of@^6.0.2:
    version "6.0.2"
    resolved "https://registry.yarnpkg.com/kind-of/-/kind-of-6.0.2.tgz#01146b36a6218e64e58f3a8d66de5d7fc6f6d051"
  
  lodash@^3.3.1:
    version "3.10.1"
    resolved "https://registry.yarnpkg.com/lodash/-/lodash-3.10.1.tgz#5bf45e8e49ba4189e17d482789dfd15bd140b7b6"
  
  "minimatch@2 || 3", minimatch@^3.0.4:
    version "3.0.4"
    resolved "https://registry.yarnpkg.com/minimatch/-/minimatch-3.0.4.tgz#5166e286457f03306064be5497e8dbb0c3d32083"
    dependencies:
      brace-expansion "^1.1.7"
  
  minimist@0.0.8:
    version "0.0.8"
    resolved "https://registry.yarnpkg.com/minimist/-/minimist-0.0.8.tgz#857fcabfc3397d2625b8228262e86aa7a011b05d"
  
  minimist@^1.2.0:
    version "1.2.0"
    resolved "https://registry.yarnpkg.com/minimist/-/minimist-1.2.0.tgz#a35008b20f41383eec1fb914f4cd5df79a264284"
  
  mkdirp@0.5.1, mkdirp@^0.5.1:
    version "0.5.1"
    resolved "https://registry.yarnpkg.com/mkdirp/-/mkdirp-0.5.1.tgz#30057438eac6cf7f8c4767f38648d6697d75c903"
    dependencies:
      minimist "0.0.8"
  
  mocha@^4.1.0:
    version "4.1.0"
    resolved "https://registry.yarnpkg.com/mocha/-/mocha-4.1.0.tgz#7d86cfbcf35cb829e2754c32e17355ec05338794"
    dependencies:
      browser-stdout "1.3.0"
      commander "2.11.0"
      debug "3.1.0"
      diff "3.3.1"
      escape-string-regexp "1.0.5"
      glob "7.1.2"
      growl "1.10.3"
      he "1.1.1"
      mkdirp "0.5.1"
      supports-color "4.4.0"
  
  ms@2.0.0:
    version "2.0.0"
    resolved "https://registry.yarnpkg.com/ms/-/ms-2.0.0.tgz#5608aeadfc00be6c2901df5f9861788de0d597c8"
  
  mute-stream@0.0.5:
    version "0.0.5"
    resolved "https://registry.yarnpkg.com/mute-stream/-/mute-stream-0.0.5.tgz#8fbfabb0a98a253d3184331f9e8deb7372fac6c0"
  
  nested-error-stacks@~2.0.1:
    version "2.0.1"
    resolved "https://registry.yarnpkg.com/nested-error-stacks/-/nested-error-stacks-2.0.1.tgz#d2cc9fc5235ddb371fc44d506234339c8e4b0a4b"
  
  number-is-nan@^1.0.0:
    version "1.0.1"
    resolved "https://registry.yarnpkg.com/number-is-nan/-/number-is-nan-1.0.1.tgz#097b602b53422a522c1afb8790318336941a011d"
  
  object-assign@^4.1.0:
    version "4.1.1"
    resolved "https://registry.yarnpkg.com/object-assign/-/object-assign-4.1.1.tgz#2109adc7965887cfc05cbbd442cac8bfbb360863"
  
  once@^1.3.0:
    version "1.4.0"
    resolved "https://registry.yarnpkg.com/once/-/once-1.4.0.tgz#583b1aa775961d4b113ac17d9c50baef9dd76bd1"
    dependencies:
      wrappy "1"
  
  onetime@^1.0.0:
    version "1.1.0"
    resolved "http://registry.npmjs.org/onetime/-/onetime-1.1.0.tgz#a1f7838f8314c516f05ecefcbc4ccfe04b4ed789"
  
  parse-function@^5.2.7:
    version "5.2.10"
    resolved "https://registry.yarnpkg.com/parse-function/-/parse-function-5.2.10.tgz#6a057d5d7b2a026aed81bd26cb6863b5741de25f"
    dependencies:
      arrify "1.0.1"
      babylon "7.0.0-beta.47"
      define-property "2.0.2"
  
  path-is-absolute@^1.0.0:
    version "1.0.1"
    resolved "https://registry.yarnpkg.com/path-is-absolute/-/path-is-absolute-1.0.1.tgz#174b9268735534ffbc7ace6bf53a5a9e1b5c5f5f"
  
  path-parse@^1.0.5:
    version "1.0.5"
    resolved "https://registry.yarnpkg.com/path-parse/-/path-parse-1.0.5.tgz#3c1adf871ea9cd6c9431b6ea2bd74a0ff055c4c1"
  
  promise-retry@^1.1.1:
    version "1.1.1"
    resolved "https://registry.yarnpkg.com/promise-retry/-/promise-retry-1.1.1.tgz#6739e968e3051da20ce6497fb2b50f6911df3d6d"
    dependencies:
      err-code "^1.0.0"
      retry "^0.10.0"
  
  rc@~1.2.7:
    version "1.2.8"
    resolved "https://registry.yarnpkg.com/rc/-/rc-1.2.8.tgz#cd924bf5200a075b83c188cd6b9e211b7fc0d3ed"
    dependencies:
      deep-extend "^0.6.0"
      ini "~1.3.0"
      minimist "^1.2.0"
      strip-json-comments "~2.0.1"
  
  readline2@^1.0.1:
    version "1.0.1"
    resolved "https://registry.yarnpkg.com/readline2/-/readline2-1.0.1.tgz#41059608ffc154757b715d9989d199ffbf372e35"
    dependencies:
      code-point-at "^1.0.0"
      is-fullwidth-code-point "^1.0.0"
      mute-stream "0.0.5"
  
  rechoir@^0.6.2:
    version "0.6.2"
    resolved "https://registry.yarnpkg.com/rechoir/-/rechoir-0.6.2.tgz#85204b54dba82d5742e28c96756ef43af50e3384"
    dependencies:
      resolve "^1.1.6"
  
  requireg@^0.1.5:
    version "0.1.8"
    resolved "https://registry.yarnpkg.com/requireg/-/requireg-0.1.8.tgz#75c1d495294fa5ddfd51e4fcca4965c44f1ed8b1"
    dependencies:
      nested-error-stacks "~2.0.1"
      rc "~1.2.7"
      resolve "~1.7.1"
  
  resolve@^1.1.6:
    version "1.8.1"
    resolved "https://registry.yarnpkg.com/resolve/-/resolve-1.8.1.tgz#82f1ec19a423ac1fbd080b0bab06ba36e84a7a26"
    dependencies:
      path-parse "^1.0.5"
  
  resolve@~1.7.1:
    version "1.7.1"
    resolved "https://registry.yarnpkg.com/resolve/-/resolve-1.7.1.tgz#aadd656374fd298aee895bc026b8297418677fd3"
    dependencies:
      path-parse "^1.0.5"
  
  restore-cursor@^1.0.1:
    version "1.0.1"
    resolved "https://registry.yarnpkg.com/restore-cursor/-/restore-cursor-1.0.1.tgz#34661f46886327fed2991479152252df92daa541"
    dependencies:
      exit-hook "^1.0.0"
      onetime "^1.0.0"
  
  retry@^0.10.0:
    version "0.10.1"
    resolved "https://registry.yarnpkg.com/retry/-/retry-0.10.1.tgz#e76388d217992c252750241d3d3956fed98d8ff4"
  
  run-async@^0.1.0:
    version "0.1.0"
    resolved "https://registry.yarnpkg.com/run-async/-/run-async-0.1.0.tgz#c8ad4a5e110661e402a7d21b530e009f25f8e389"
    dependencies:
      once "^1.3.0"
  
  rx-lite@^3.1.2:
    version "3.1.2"
    resolved "https://registry.yarnpkg.com/rx-lite/-/rx-lite-3.1.2.tgz#19ce502ca572665f3b647b10939f97fd1615f102"
  
  shelljs@0.8.2:
    version "0.8.2"
    resolved "https://registry.yarnpkg.com/shelljs/-/shelljs-0.8.2.tgz#345b7df7763f4c2340d584abb532c5f752ca9e35"
    dependencies:
      glob "^7.0.0"
      interpret "^1.0.0"
      rechoir "^0.6.2"
  
  sprintf-js@^1.1.1:
    version "1.1.1"
    resolved "https://registry.yarnpkg.com/sprintf-js/-/sprintf-js-1.1.1.tgz#36be78320afe5801f6cea3ee78b6e5aab940ea0c"
  
  string-width@^1.0.1:
    version "1.0.2"
    resolved "https://registry.yarnpkg.com/string-width/-/string-width-1.0.2.tgz#118bdf5b8cdc51a2a7e70d211e07e2b0b9b107d3"
    dependencies:
      code-point-at "^1.0.0"
      is-fullwidth-code-point "^1.0.0"
      strip-ansi "^3.0.0"
  
  strip-ansi@^3.0.0:
    version "3.0.1"
    resolved "https://registry.yarnpkg.com/strip-ansi/-/strip-ansi-3.0.1.tgz#6a385fb8853d952d5ff05d0e8aaf94278dc63dcf"
    dependencies:
      ansi-regex "^2.0.0"
  
  strip-json-comments@~2.0.1:
    version "2.0.1"
    resolved "https://registry.yarnpkg.com/strip-json-comments/-/strip-json-comments-2.0.1.tgz#3c531942e908c2697c0ec344858c286c7ca0a60a"
  
  supports-color@4.4.0:
    version "4.4.0"
    resolved "https://registry.yarnpkg.com/supports-color/-/supports-color-4.4.0.tgz#883f7ddabc165142b2a61427f3352ded195d1a3e"
    dependencies:
      has-flag "^2.0.0"
  
  supports-color@^2.0.0:
    version "2.0.0"
    resolved "https://registry.yarnpkg.com/supports-color/-/supports-color-2.0.0.tgz#535d045ce6b6363fa40117084629995e9df324c7"
  
  through@^2.3.6:
    version "2.3.8"
    resolved "https://registry.yarnpkg.com/through/-/through-2.3.8.tgz#0dd4c9ffaabc357960b1b724115d7e0e86a2e1f5"
  
  typescript@2.9.2:
    version "2.9.2"
    resolved "https://registry.yarnpkg.com/typescript/-/typescript-2.9.2.tgz#1cbf61d05d6b96269244eb6a3bce4bd914e0f00c"
  
  wrappy@1:
    version "1.0.2"
    resolved "https://registry.yarnpkg.com/wrappy/-/wrappy-1.0.2.tgz#b5243d8f3ec1aa35f1364605bc0d1036e30ab69f"
  
  xpath-builder@0.0.7:
    version "0.0.7"
    resolved "https://registry.yarnpkg.com/xpath-builder/-/xpath-builder-0.0.7.tgz#67d6bbc3f6a320ec317e3e6368c5706b6111deec"
